2023-06-08 15:27:06,837 - INFO - WebSocket connection opened
2023-06-08 15:27:07,442 - INFO - WebSocket connection opened
2023-06-08 23:08:38,999 - INFO - WebSocket connection for wss://testnet.binance.vision/ws/ethusdt@kline_1m opened
2023-06-08 23:08:39,002 - INFO - WebSocket connection for wss://testnet.binance.vision/ws/btcusdt@kline_1m opened
2023-06-08 23:08:39,632 - INFO - WebSocket connection for wss://testnet.binance.vision/ws/btcusdt@kline_1m opened
2023-06-08 23:08:39,633 - INFO - WebSocket connection for wss://testnet.binance.vision/ws/ethusdt@kline_1m opened
2023-06-08 23:37:46,261 - INFO - WebSocket connection for wss://testnet.binance.vision/ws/ethusdt@kline_1m opened
2023-06-08 23:37:46,265 - INFO - WebSocket connection for wss://testnet.binance.vision/ws/btcusdt@kline_1m opened
2023-06-09 10:31:08,299 - INFO - WebSocket connection for wss://testnet.binance.vision/ws/btcusdt@kline_1m opened
2023-06-09 10:31:08,327 - INFO - WebSocket connection for wss://testnet.binance.vision/ws/ethusdt@kline_1m opened
2023-06-09 10:31:08,827 - INFO - WebSocket connection for wss://testnet.binance.vision/ws/btcusdt@kline_1m opened
2023-06-09 10:31:08,828 - INFO - WebSocket connection for wss://testnet.binance.vision/ws/ethusdt@kline_1m opened
2023-06-09 10:32:35,928 - INFO - WebSocket connection for wss://testnet.binance.vision/ws/btcusdt@kline_1m opened
2023-06-09 10:32:35,945 - INFO - WebSocket connection for wss://testnet.binance.vision/ws/ethusdt@kline_1m opened
2023-06-09 10:32:36,714 - INFO - WebSocket connection for wss://testnet.binance.vision/ws/btcusdt@kline_1m opened
2023-06-09 10:32:36,715 - INFO - WebSocket connection for wss://testnet.binance.vision/ws/ethusdt@kline_1m opened
2023-06-09 11:03:45,642 - INFO - WebSocket connection for wss://testnet.binance.vision/ws/btcusdt@kline_1m opened
2023-06-09 11:03:45,643 - INFO - WebSocket connection for wss://testnet.binance.vision/ws/ethusdt@kline_1m opened
2023-06-09 11:03:46,360 - INFO - WebSocket connection for wss://testnet.binance.vision/ws/btcusdt@kline_1m opened
2023-06-09 11:03:46,361 - INFO - WebSocket connection for wss://testnet.binance.vision/ws/ethusdt@kline_1m opened
2023-06-09 11:41:54,611 - INFO - WebSocket connection for wss://testnet.binance.vision/ws/ethusdt@kline_1m opened
2023-06-09 11:41:54,613 - INFO - WebSocket connection for wss://testnet.binance.vision/ws/btcusdt@kline_1m opened
2023-06-09 11:41:54,966 - INFO - WebSocket connection for wss://testnet.binance.vision/ws/ethusdt@kline_1m opened
2023-06-09 11:41:54,967 - INFO - WebSocket connection for wss://testnet.binance.vision/ws/btcusdt@kline_1m opened
2023-06-09 11:42:00,181 - INFO - Data received.
2023-06-09 11:42:00,181 - INFO - Data received.
2023-06-09 11:42:00,181 - INFO - Data received.
2023-06-09 11:42:00,181 - INFO - Data received.
2023-06-09 11:42:02,378 - INFO - Data received.
2023-06-09 11:42:02,378 - INFO - Data received.
2023-06-09 11:42:02,771 - INFO - Data received.
2023-06-09 11:42:02,771 - INFO - Data received.
2023-06-09 11:42:04,685 - INFO - Data received.
2023-06-09 11:42:04,685 - INFO - Data received.
2023-06-09 11:42:04,999 - INFO - Data received.
2023-06-09 11:42:04,999 - INFO - Data received.
2023-06-09 11:42:10,638 - INFO - Data received.
2023-06-09 11:42:10,638 - INFO - Data received.
2023-06-09 11:42:12,368 - INFO - Data received.
2023-06-09 11:42:12,368 - INFO - Data received.
2023-06-09 11:42:13,754 - INFO - Data received.
2023-06-09 11:42:13,754 - INFO - Data received.
2023-06-09 11:42:14,412 - INFO - Data received.
2023-06-09 11:42:14,412 - INFO - Data received.
2023-06-09 11:42:16,770 - INFO - Data received.
2023-06-09 11:42:16,770 - INFO - Data received.
2023-06-09 11:42:16,770 - INFO - Data received.
2023-06-09 11:42:16,770 - INFO - Data received.
2023-06-09 11:42:19,737 - INFO - Data received.
2023-06-09 11:42:19,737 - INFO - Data received.
2023-06-09 11:42:20,268 - INFO - Data received.
2023-06-09 11:42:20,268 - INFO - Data received.
2023-06-09 11:42:22,970 - INFO - Data received.
2023-06-09 11:42:22,972 - INFO - Data received.
2023-06-09 11:42:25,226 - INFO - Data received.
2023-06-09 11:42:25,226 - INFO - Data received.
2023-06-09 11:42:25,664 - INFO - Data received.
2023-06-09 11:42:25,664 - INFO - Data received.
2023-06-09 11:42:27,364 - INFO - Data received.
2023-06-09 11:42:27,364 - INFO - Data received.
2023-06-09 11:42:27,882 - INFO - Data received.
2023-06-09 11:42:27,882 - INFO - Data received.
2023-06-09 11:42:29,367 - INFO - Data received.
2023-06-09 11:42:29,367 - INFO - Data received.
2023-06-09 11:42:30,679 - INFO - Data received.
2023-06-09 11:42:30,679 - INFO - Data received.
2023-06-09 11:42:31,371 - INFO - Data received.
2023-06-09 11:42:31,371 - INFO - Data received.
2023-06-09 11:42:32,908 - INFO - Data received.
2023-06-09 11:42:32,908 - INFO - Data received.
2023-06-09 11:42:36,666 - INFO - Data received.
2023-06-09 11:42:36,666 - INFO - Data received.
2023-06-09 11:42:39,724 - INFO - Data received.
2023-06-09 11:42:39,724 - INFO - Data received.
2023-06-09 11:42:40,526 - INFO - Data received.
2023-06-09 11:42:40,526 - INFO - Data received.
2023-06-09 11:42:42,395 - INFO - Data received.
2023-06-09 11:42:42,395 - INFO - Data received.
2023-06-09 11:42:43,666 - INFO - Data received.
2023-06-09 11:42:43,666 - INFO - Data received.
2023-06-09 11:42:44,442 - INFO - Data received.
2023-06-09 11:42:44,442 - INFO - Data received.
2023-06-09 11:42:46,031 - INFO - Data received.
2023-06-09 11:42:46,031 - INFO - Data received.
2023-06-09 11:42:46,542 - INFO - Data received.
2023-06-09 11:42:46,542 - INFO - Data received.
2023-06-09 11:42:48,153 - INFO - Data received.
2023-06-09 11:42:48,153 - INFO - Data received.
2023-06-09 11:42:48,671 - INFO - Data received.
2023-06-09 11:42:48,671 - INFO - Data received.
2023-06-09 11:42:50,258 - INFO - Data received.
2023-06-09 11:42:50,258 - INFO - Data received.
2023-06-09 11:42:51,380 - INFO - Data received.
2023-06-09 11:42:51,380 - INFO - Data received.
2023-06-09 11:42:53,028 - INFO - Data received.
2023-06-09 11:42:53,028 - INFO - Data received.
2023-06-09 11:42:53,373 - INFO - Data received.
2023-06-09 11:42:53,373 - INFO - Data received.
2023-06-09 11:42:55,669 - INFO - Data received.
2023-06-09 11:42:55,669 - INFO - Data received.
2023-06-09 11:42:58,372 - INFO - Data received.
2023-06-09 11:42:58,372 - INFO - Data received.
2023-06-09 11:43:00,072 - INFO - Data received.
2023-06-09 11:43:00,072 - INFO - Data received.
2023-06-09 11:43:00,072 - INFO - Data received.
2023-06-09 11:43:00,073 - INFO - Data received.
2023-06-09 11:43:02,668 - INFO - Data received.
2023-06-09 11:43:02,668 - INFO - Data received.
2023-06-09 11:43:02,669 - INFO - Data received.
2023-06-09 11:43:02,669 - INFO - Data received.
2023-06-09 11:43:14,240 - INFO - Data received.
2023-06-09 11:43:14,240 - INFO - Data received.
2023-06-09 11:43:16,691 - INFO - Data received.
2023-06-09 11:43:16,691 - INFO - Data received.
2023-06-09 11:43:24,452 - INFO - Data received.
2023-06-09 11:43:24,452 - INFO - Data received.
2023-06-09 11:43:26,709 - INFO - Data received.
2023-06-09 11:43:26,709 - INFO - Data received.
2023-06-09 11:43:29,781 - INFO - Data received.
2023-06-09 11:43:29,781 - INFO - Data received.
2023-06-09 11:43:32,444 - INFO - Data received.
2023-06-09 11:43:32,444 - INFO - Data received.
2023-06-09 11:43:34,697 - INFO - Data received.
2023-06-09 11:43:34,697 - INFO - Data received.
2023-06-09 11:43:52,391 - INFO - Data received.
2023-06-09 11:43:52,392 - INFO - Data received.
2023-06-09 11:43:53,969 - INFO - Data received.
2023-06-09 11:43:53,969 - INFO - Data received.
2023-06-09 11:43:54,685 - INFO - Data received.
2023-06-09 11:43:54,685 - INFO - Data received.
2023-06-09 11:43:56,373 - INFO - Data received.
2023-06-09 11:43:56,373 - INFO - Data received.
2023-06-09 11:43:56,674 - INFO - Data received.
2023-06-09 11:43:56,674 - INFO - Data received.
2023-06-09 11:43:58,373 - INFO - Data received.
2023-06-09 11:43:58,373 - INFO - Data received.
2023-06-09 11:43:59,209 - INFO - Data received.
2023-06-09 11:43:59,209 - INFO - Data received.
2023-06-09 11:44:00,126 - INFO - Data received.
2023-06-09 11:44:00,126 - INFO - Data received.
2023-06-09 11:44:00,126 - INFO - Data received.
2023-06-09 11:44:00,126 - INFO - Data received.
2023-06-09 11:44:02,353 - INFO - Data received.
2023-06-09 11:44:02,353 - INFO - Data received.
2023-06-09 11:44:02,754 - INFO - Data received.
2023-06-09 11:44:02,754 - INFO - Data received.
2023-06-09 11:44:04,450 - INFO - Data received.
2023-06-09 11:44:04,450 - INFO - Data received.
2023-06-09 11:44:05,674 - INFO - Data received.
2023-06-09 11:44:05,674 - INFO - Data received.
2023-06-09 11:44:07,071 - INFO - Data received.
2023-06-09 11:44:07,071 - INFO - Data received.
2023-06-09 11:44:07,949 - INFO - Data received.
2023-06-09 11:44:07,949 - INFO - Data received.
2023-06-09 11:44:09,207 - INFO - Data received.
2023-06-09 11:44:09,207 - INFO - Data received.
2023-06-09 11:44:10,370 - INFO - Data received.
2023-06-09 11:44:10,370 - INFO - Data received.
2023-06-09 11:44:11,374 - INFO - Data received.
2023-06-09 11:44:11,374 - INFO - Data received.
2023-06-09 11:44:12,513 - INFO - Data received.
2023-06-09 11:44:12,514 - INFO - Data received.
2023-06-09 11:44:13,365 - INFO - Data received.
2023-06-09 11:44:13,365 - INFO - Data received.
2023-06-09 11:44:14,413 - INFO - Data received.
2023-06-09 11:44:14,413 - INFO - Data received.
2023-06-09 11:44:15,676 - INFO - Data received.
2023-06-09 11:44:15,676 - INFO - Data received.
2023-06-09 11:44:16,684 - INFO - Data received.
2023-06-09 11:44:16,684 - INFO - Data received.
2023-06-09 11:44:17,910 - INFO - Data received.
2023-06-09 11:44:17,910 - INFO - Data received.
2023-06-09 11:44:19,038 - INFO - Data received.
2023-06-09 11:44:19,038 - INFO - Data received.
2023-06-09 11:44:20,163 - INFO - Data received.
2023-06-09 11:44:20,163 - INFO - Data received.
2023-06-09 11:44:21,698 - INFO - Data received.
2023-06-09 11:44:21,699 - INFO - Data received.
2023-06-09 11:44:22,314 - INFO - Data received.
2023-06-09 11:44:22,314 - INFO - Data received.
2023-06-09 11:44:24,876 - INFO - Data received.
2023-06-09 11:44:24,876 - INFO - Data received.
2023-06-09 11:44:25,399 - INFO - Data received.
2023-06-09 11:44:25,399 - INFO - Data received.
2023-06-09 11:44:27,058 - INFO - Data received.
2023-06-09 11:44:27,058 - INFO - Data received.
2023-06-09 11:44:28,567 - INFO - Data received.
2023-06-09 11:44:28,567 - INFO - Data received.
2023-06-09 11:44:29,278 - INFO - Data received.
2023-06-09 11:44:29,278 - INFO - Data received.
2023-06-09 11:44:30,677 - INFO - Data received.
2023-06-09 11:44:30,677 - INFO - Data received.
2023-06-09 11:44:31,712 - INFO - Data received.
2023-06-09 11:44:31,712 - INFO - Data received.
2023-06-09 11:44:32,766 - INFO - Data received.
2023-06-09 11:44:32,766 - INFO - Data received.
2023-06-09 11:44:33,887 - INFO - Data received.
2023-06-09 11:44:33,887 - INFO - Data received.
2023-06-09 11:44:35,774 - INFO - Data received.
2023-06-09 11:44:35,774 - INFO - Data received.
2023-06-09 11:44:36,169 - INFO - Data received.
2023-06-09 11:44:36,169 - INFO - Data received.
2023-06-09 11:44:38,200 - INFO - Data received.
2023-06-09 11:44:38,200 - INFO - Data received.
2023-06-09 11:44:40,627 - INFO - Data received.
2023-06-09 11:44:40,627 - INFO - Data received.
2023-06-09 11:44:40,679 - INFO - Data received.
2023-06-09 11:44:40,679 - INFO - Data received.
2023-06-09 11:44:42,897 - INFO - Data received.
2023-06-09 11:44:42,897 - INFO - Data received.
2023-06-09 11:44:42,985 - INFO - Data received.
2023-06-09 11:44:42,985 - INFO - Data received.
2023-06-09 11:44:45,676 - INFO - Data received.
2023-06-09 11:44:45,676 - INFO - Data received.
2023-06-09 11:44:45,677 - INFO - Data received.
2023-06-09 11:44:45,677 - INFO - Data received.
2023-06-09 11:44:47,812 - INFO - Data received.
2023-06-09 11:44:47,812 - INFO - Data received.
2023-06-09 11:44:49,861 - INFO - Data received.
2023-06-09 11:44:49,861 - INFO - Data received.
2023-06-09 11:44:52,675 - INFO - Data received.
2023-06-09 11:44:52,675 - INFO - Data received.
2023-06-09 11:44:54,713 - INFO - Data received.
2023-06-09 11:44:54,713 - INFO - Data received.
2023-06-09 11:44:56,418 - INFO - Data received.
2023-06-09 11:44:56,419 - INFO - Data received.
2023-06-09 11:44:57,924 - INFO - Data received.
2023-06-09 11:44:57,924 - INFO - Data received.
2023-06-09 11:44:58,678 - INFO - Data received.
2023-06-09 11:44:58,678 - INFO - Data received.
2023-06-09 11:45:00,109 - INFO - Data received.
2023-06-09 11:45:00,110 - INFO - Data received.
2023-06-09 11:45:00,110 - INFO - Data received.
2023-06-09 11:45:00,110 - INFO - Data received.
2023-06-09 11:45:02,694 - INFO - Data received.
2023-06-09 11:45:02,694 - INFO - Data received.
2023-06-09 11:45:02,695 - INFO - Data received.
2023-06-09 11:45:02,695 - INFO - Data received.
2023-06-09 11:45:04,786 - INFO - Data received.
2023-06-09 11:45:04,786 - INFO - Data received.
2023-06-09 11:45:05,003 - INFO - Data received.
2023-06-09 11:45:05,003 - INFO - Data received.
2023-06-09 11:45:07,402 - INFO - Data received.
2023-06-09 11:45:07,402 - INFO - Data received.
2023-06-09 11:45:07,677 - INFO - Data received.
2023-06-09 11:45:07,677 - INFO - Data received.
2023-06-09 11:45:09,459 - INFO - Data received.
2023-06-09 11:45:09,459 - INFO - Data received.
2023-06-09 11:45:10,232 - INFO - Data received.
2023-06-09 11:45:10,232 - INFO - Data received.
2023-06-09 11:45:11,679 - INFO - Data received.
2023-06-09 11:45:11,679 - INFO - Data received.
2023-06-09 11:45:12,474 - INFO - Data received.
2023-06-09 11:45:12,474 - INFO - Data received.
2023-06-09 11:45:14,707 - INFO - Data received.
2023-06-09 11:45:14,707 - INFO - Data received.
2023-06-09 11:45:14,708 - INFO - Data received.
2023-06-09 11:45:14,708 - INFO - Data received.
2023-06-09 11:45:17,341 - INFO - Data received.
2023-06-09 11:45:17,342 - INFO - Data received.
2023-06-09 11:45:18,766 - INFO - Data received.
2023-06-09 11:45:18,766 - INFO - Data received.
2023-06-09 11:45:19,678 - INFO - Data received.
2023-06-09 11:45:19,678 - INFO - Data received.
2023-06-09 11:45:22,158 - INFO - Data received.
2023-06-09 11:45:22,158 - INFO - Data received.
2023-06-09 11:45:24,460 - INFO - Data received.
2023-06-09 11:45:24,460 - INFO - Data received.
2023-06-09 11:45:25,426 - INFO - Data received.
2023-06-09 11:45:25,426 - INFO - Data received.
2023-06-09 11:45:26,760 - INFO - Data received.
2023-06-09 11:45:26,760 - INFO - Data received.
2023-06-09 11:45:28,568 - INFO - Data received.
2023-06-09 11:45:28,568 - INFO - Data received.
2023-06-09 11:45:29,057 - INFO - Data received.
2023-06-09 11:45:29,057 - INFO - Data received.
2023-06-09 11:45:31,129 - INFO - Data received.
2023-06-09 11:45:31,129 - INFO - Data received.
2023-06-09 11:45:31,711 - INFO - Data received.
2023-06-09 11:45:31,712 - INFO - Data received.
2023-06-09 11:45:33,679 - INFO - Data received.
2023-06-09 11:45:33,679 - INFO - Data received.
2023-06-09 11:45:35,876 - INFO - Data received.
2023-06-09 11:45:35,876 - INFO - Data received.
2023-06-09 11:45:37,581 - INFO - Data received.
2023-06-09 11:45:37,581 - INFO - Data received.
2023-06-09 11:45:38,679 - INFO - Data received.
2023-06-09 11:45:38,679 - INFO - Data received.
2023-06-09 11:45:40,457 - INFO - Data received.
2023-06-09 11:45:40,457 - INFO - Data received.
2023-06-09 11:45:40,754 - INFO - Data received.
2023-06-09 11:45:40,754 - INFO - Data received.
2023-06-09 11:45:42,699 - INFO - Data received.
2023-06-09 11:45:42,704 - INFO - Data received.
2023-06-09 11:45:43,723 - INFO - Data received.
2023-06-09 11:45:43,723 - INFO - Data received.
2023-06-09 11:45:45,804 - INFO - Data received.
2023-06-09 11:45:45,804 - INFO - Data received.
2023-06-09 11:45:46,289 - INFO - Data received.
2023-06-09 11:45:46,289 - INFO - Data received.
2023-06-09 11:45:48,845 - INFO - Data received.
2023-06-09 11:45:48,845 - INFO - Data received.
2023-06-09 11:45:49,829 - INFO - Data received.
2023-06-09 11:45:49,829 - INFO - Data received.
2023-06-09 11:45:51,404 - INFO - Data received.
2023-06-09 11:45:51,404 - INFO - Data received.
2023-06-09 11:45:53,759 - INFO - Data received.
2023-06-09 11:45:53,759 - INFO - Data received.
2023-06-09 11:45:56,179 - INFO - Data received.
2023-06-09 11:45:56,179 - INFO - Data received.
2023-06-09 11:45:58,380 - INFO - Data received.
2023-06-09 11:45:58,381 - INFO - Data received.
2023-06-09 11:46:00,115 - INFO - Data received.
2023-06-09 11:46:00,115 - INFO - Data received.
2023-06-09 11:46:00,116 - INFO - Data received.
2023-06-09 11:46:00,118 - INFO - Data received.
2023-06-09 11:46:02,686 - INFO - Data received.
2023-06-09 11:46:02,686 - INFO - Data received.
2023-06-09 11:46:02,686 - INFO - Data received.
2023-06-09 11:46:02,686 - INFO - Data received.
2023-06-09 11:46:04,940 - INFO - Data received.
2023-06-09 11:46:04,940 - INFO - Data received.
2023-06-09 11:46:06,662 - INFO - Data received.
2023-06-09 11:46:06,662 - INFO - Data received.
2023-06-09 11:46:07,174 - INFO - Data received.
2023-06-09 11:46:07,174 - INFO - Data received.
2023-06-09 11:46:09,939 - INFO - Data received.
2023-06-09 11:46:09,939 - INFO - Data received.
2023-06-09 11:46:12,017 - INFO - Data received.
2023-06-09 11:46:12,017 - INFO - Data received.
2023-06-09 11:46:13,831 - INFO - Data received.
2023-06-09 11:46:13,831 - INFO - Data received.
2023-06-09 11:46:14,344 - INFO - Data received.
2023-06-09 11:46:14,344 - INFO - Data received.
2023-06-09 11:46:16,635 - INFO - Data received.
2023-06-09 11:46:16,636 - INFO - Data received.
2023-06-09 11:46:16,678 - INFO - Data received.
2023-06-09 11:46:16,678 - INFO - Data received.
2023-06-09 11:46:18,693 - INFO - Data received.
2023-06-09 11:46:18,693 - INFO - Data received.
2023-06-09 11:46:18,717 - INFO - Data received.
2023-06-09 11:46:18,717 - INFO - Data received.
2023-06-09 11:46:21,050 - INFO - Data received.
2023-06-09 11:46:21,050 - INFO - Data received.
2023-06-09 11:46:21,576 - INFO - Data received.
2023-06-09 11:46:21,577 - INFO - Data received.
2023-06-09 11:46:22,986 - INFO - Data received.
2023-06-09 11:46:22,986 - INFO - Data received.
2023-06-09 11:46:23,686 - INFO - Data received.
2023-06-09 11:46:23,686 - INFO - Data received.
2023-06-09 11:46:25,028 - INFO - Data received.
2023-06-09 11:46:25,028 - INFO - Data received.
2023-06-09 11:46:27,552 - INFO - Data received.
2023-06-09 11:46:27,552 - INFO - Data received.
2023-06-09 11:46:27,736 - INFO - Data received.
2023-06-09 11:46:27,736 - INFO - Data received.
2023-06-09 11:46:29,705 - INFO - Data received.
2023-06-09 11:46:29,705 - INFO - Data received.
2023-06-09 11:46:32,111 - INFO - Data received.
2023-06-09 11:46:32,111 - INFO - Data received.
2023-06-09 11:46:34,685 - INFO - Data received.
2023-06-09 11:46:34,685 - INFO - Data received.
2023-06-09 11:46:35,078 - INFO - Data received.
2023-06-09 11:46:35,078 - INFO - Data received.
2023-06-09 11:46:36,871 - INFO - Data received.
2023-06-09 11:46:36,871 - INFO - Data received.
2023-06-09 11:46:38,685 - INFO - Data received.
2023-06-09 11:46:38,685 - INFO - Data received.
2023-06-09 11:46:40,194 - INFO - Data received.
2023-06-09 11:46:40,194 - INFO - Data received.
2023-06-09 11:46:42,685 - INFO - Data received.
2023-06-09 11:46:42,685 - INFO - Data received.
2023-06-09 11:46:44,709 - INFO - Data received.
2023-06-09 11:46:44,709 - INFO - Data received.
2023-06-09 11:46:46,995 - INFO - Data received.
2023-06-09 11:46:46,995 - INFO - Data received.
2023-06-09 11:46:49,558 - INFO - Data received.
2023-06-09 11:46:49,558 - INFO - Data received.
2023-06-09 11:46:51,799 - INFO - Data received.
2023-06-09 11:46:51,799 - INFO - Data received.
2023-06-09 11:46:53,566 - INFO - Data received.
2023-06-09 11:46:53,566 - INFO - Data received.
2023-06-09 11:46:54,791 - INFO - Data received.
2023-06-09 11:46:54,791 - INFO - Data received.
2023-06-09 11:46:55,687 - INFO - Data received.
2023-06-09 11:46:55,687 - INFO - Data received.
2023-06-09 11:46:57,092 - INFO - Data received.
2023-06-09 11:46:57,092 - INFO - Data received.
2023-06-09 11:46:58,785 - INFO - Data received.
2023-06-09 11:46:58,785 - INFO - Data received.
2023-06-09 11:47:00,219 - INFO - Data received.
2023-06-09 11:47:00,219 - INFO - Data received.
2023-06-09 11:47:00,220 - INFO - Data received.
2023-06-09 11:47:00,220 - INFO - Data received.
2023-06-09 11:47:02,277 - INFO - Data received.
2023-06-09 11:47:02,277 - INFO - Data received.
2023-06-09 11:47:02,405 - INFO - Data received.
2023-06-09 11:47:02,405 - INFO - Data received.
2023-06-09 11:47:04,623 - INFO - Data received.
2023-06-09 11:47:04,623 - INFO - Data received.
2023-06-09 11:47:04,688 - INFO - Data received.
2023-06-09 11:47:04,688 - INFO - Data received.
2023-06-09 11:47:06,959 - INFO - Data received.
2023-06-09 11:47:06,974 - INFO - Data received.
2023-06-09 11:47:07,409 - INFO - Data received.
2023-06-09 11:47:07,409 - INFO - Data received.
2023-06-09 11:47:09,440 - INFO - Data received.
2023-06-09 11:47:09,440 - INFO - Data received.
2023-06-09 11:47:09,440 - INFO - Data received.
2023-06-09 11:47:09,440 - INFO - Data received.
2023-06-09 11:47:11,437 - INFO - Data received.
2023-06-09 11:47:11,437 - INFO - Data received.
2023-06-09 11:47:11,906 - INFO - Data received.
2023-06-09 11:47:11,906 - INFO - Data received.
2023-06-09 11:47:13,479 - INFO - Data received.
2023-06-09 11:47:13,479 - INFO - Data received.
2023-06-09 11:47:14,675 - INFO - Data received.
2023-06-09 11:47:14,675 - INFO - Data received.
2023-06-09 11:47:15,698 - INFO - Data received.
2023-06-09 11:47:15,698 - INFO - Data received.
2023-06-09 11:47:16,754 - INFO - Data received.
2023-06-09 11:47:16,754 - INFO - Data received.
2023-06-09 11:47:17,882 - INFO - Data received.
2023-06-09 11:47:17,883 - INFO - Data received.
2023-06-09 11:47:19,772 - INFO - Data received.
2023-06-09 11:47:19,772 - INFO - Data received.
2023-06-09 11:47:21,544 - INFO - Data received.
2023-06-09 11:47:21,547 - INFO - Data received.
2023-06-09 11:47:22,689 - INFO - Data received.
2023-06-09 11:47:22,689 - INFO - Data received.
2023-06-09 11:47:23,470 - INFO - Data received.
2023-06-09 11:47:23,470 - INFO - Data received.
2023-06-09 11:47:25,072 - INFO - Data received.
2023-06-09 11:47:25,072 - INFO - Data received.
2023-06-09 11:47:25,512 - INFO - Data received.
2023-06-09 11:47:25,512 - INFO - Data received.
2023-06-09 11:47:27,766 - INFO - Data received.
2023-06-09 11:47:27,766 - INFO - Data received.
2023-06-09 11:47:27,767 - INFO - Data received.
2023-06-09 11:47:27,767 - INFO - Data received.
2023-06-09 11:47:29,914 - INFO - Data received.
2023-06-09 11:47:29,914 - INFO - Data received.
2023-06-09 11:47:32,787 - INFO - Data received.
2023-06-09 11:47:32,787 - INFO - Data received.
2023-06-09 11:47:34,729 - INFO - Data received.
2023-06-09 11:47:34,729 - INFO - Data received.
2023-06-09 11:47:34,933 - INFO - Data received.
2023-06-09 11:47:34,933 - INFO - Data received.
2023-06-09 11:47:37,939 - INFO - Data received.
2023-06-09 11:47:37,939 - INFO - Data received.
2023-06-09 11:47:38,721 - INFO - Data received.
2023-06-09 11:47:38,721 - INFO - Data received.
2023-06-09 11:47:40,742 - INFO - Data received.
2023-06-09 11:47:40,742 - INFO - Data received.
2023-06-09 11:47:42,027 - INFO - Data received.
2023-06-09 11:47:42,027 - INFO - Data received.
2023-06-09 11:47:43,380 - INFO - Data received.
2023-06-09 11:47:43,380 - INFO - Data received.
2023-06-09 11:47:44,763 - INFO - Data received.
2023-06-09 11:47:44,763 - INFO - Data received.
2023-06-09 11:47:45,478 - INFO - Data received.
2023-06-09 11:47:45,478 - INFO - Data received.
2023-06-09 11:47:47,431 - INFO - Data received.
2023-06-09 11:47:47,431 - INFO - Data received.
2023-06-09 11:47:47,692 - INFO - Data received.
2023-06-09 11:47:47,692 - INFO - Data received.
2023-06-09 11:47:49,679 - INFO - Data received.
2023-06-09 11:47:49,679 - INFO - Data received.
2023-06-09 11:47:50,380 - INFO - Data received.
2023-06-09 11:47:50,380 - INFO - Data received.
2023-06-09 11:47:52,425 - INFO - Data received.
2023-06-09 11:47:52,425 - INFO - Data received.
2023-06-09 11:47:56,543 - INFO - Data received.
2023-06-09 11:47:56,543 - INFO - Data received.
2023-06-09 11:47:57,517 - INFO - Data received.
2023-06-09 11:47:57,517 - INFO - Data received.
2023-06-09 11:47:58,690 - INFO - Data received.
2023-06-09 11:47:58,690 - INFO - Data received.
2023-06-09 11:47:59,815 - INFO - Data received.
2023-06-09 11:47:59,815 - INFO - Data received.
2023-06-09 11:48:00,339 - INFO - Data received.
2023-06-09 11:48:00,339 - INFO - Data received.
2023-06-09 11:48:00,339 - INFO - Data received.
2023-06-09 11:48:00,339 - INFO - Data received.
2023-06-09 11:48:02,505 - INFO - Data received.
2023-06-09 11:48:02,505 - INFO - Data received.
2023-06-09 11:48:02,764 - INFO - Data received.
2023-06-09 11:48:02,764 - INFO - Data received.
2023-06-09 11:48:05,664 - INFO - Data received.
2023-06-09 11:48:05,664 - INFO - Data received.
2023-06-09 11:48:05,692 - INFO - Data received.
2023-06-09 11:48:05,692 - INFO - Data received.
2023-06-09 11:48:07,699 - INFO - Data received.
2023-06-09 11:48:07,699 - INFO - Data received.
2023-06-09 11:48:09,255 - INFO - Data received.
2023-06-09 11:48:09,259 - INFO - Data received.
2023-06-09 11:48:10,758 - INFO - Data received.
2023-06-09 11:48:10,758 - INFO - Data received.
2023-06-09 11:48:11,870 - INFO - Data received.
2023-06-09 11:48:11,870 - INFO - Data received.
2023-06-09 11:48:14,304 - INFO - Data received.
2023-06-09 11:48:14,304 - INFO - Data received.
2023-06-09 11:48:17,261 - INFO - Data received.
2023-06-09 11:48:17,261 - INFO - Data received.
2023-06-09 11:48:19,269 - INFO - Data received.
2023-06-09 11:48:19,269 - INFO - Data received.
2023-06-09 11:48:19,298 - INFO - Data received.
2023-06-09 11:48:19,312 - INFO - Data received.
2023-06-09 11:48:21,387 - INFO - Data received.
2023-06-09 11:48:21,387 - INFO - Data received.
2023-06-09 11:48:21,844 - INFO - Data received.
2023-06-09 11:48:21,844 - INFO - Data received.
2023-06-09 11:48:23,738 - INFO - Data received.
2023-06-09 11:48:23,738 - INFO - Data received.
2023-06-09 11:48:24,787 - INFO - Data received.
2023-06-09 11:48:24,787 - INFO - Data received.
2023-06-09 11:48:27,696 - INFO - Data received.
2023-06-09 11:48:27,696 - INFO - Data received.
2023-06-09 11:48:28,789 - INFO - Data received.
2023-06-09 11:48:28,789 - INFO - Data received.
2023-06-09 11:48:31,693 - INFO - Data received.
2023-06-09 11:48:31,693 - INFO - Data received.
2023-06-09 11:48:32,483 - INFO - Data received.
2023-06-09 11:48:32,483 - INFO - Data received.
2023-06-09 11:48:34,749 - INFO - Data received.
2023-06-09 11:48:34,749 - INFO - Data received.
2023-06-09 11:48:39,565 - INFO - Data received.
2023-06-09 11:48:39,565 - INFO - Data received.
2023-06-09 11:48:42,697 - INFO - Data received.
2023-06-09 11:48:42,697 - INFO - Data received.
2023-06-09 11:48:55,125 - INFO - Data received.
2023-06-09 11:48:55,126 - INFO - Data received.
2023-06-09 11:48:57,453 - INFO - Data received.
2023-06-09 11:48:57,453 - INFO - Data received.
2023-06-09 11:48:59,697 - INFO - Data received.
2023-06-09 11:48:59,697 - INFO - Data received.
2023-06-09 11:49:00,444 - INFO - Data received.
2023-06-09 11:49:00,444 - INFO - Data received.
2023-06-09 11:49:00,445 - INFO - Data received.
2023-06-09 11:49:00,445 - INFO - Data received.
2023-06-09 11:49:02,412 - INFO - Data received.
2023-06-09 11:49:02,412 - INFO - Data received.
2023-06-09 11:49:02,700 - INFO - Data received.
2023-06-09 11:49:02,702 - INFO - Data received.
2023-06-09 11:49:04,607 - INFO - Data received.
2023-06-09 11:49:04,606 - INFO - Data received.
2023-06-09 11:49:06,889 - INFO - Data received.
2023-06-09 11:49:06,889 - INFO - Data received.
2023-06-09 11:49:20,363 - INFO - Data received.
2023-06-09 11:49:20,364 - INFO - Data received.
2023-06-09 11:49:22,699 - INFO - Data received.
2023-06-09 11:49:22,699 - INFO - Data received.
2023-06-09 11:49:25,431 - INFO - Data received.
2023-06-09 11:49:25,431 - INFO - Data received.
2023-06-09 11:49:28,699 - INFO - Data received.
2023-06-09 11:49:28,699 - INFO - Data received.
2023-06-09 11:49:32,776 - INFO - Data received.
2023-06-09 11:49:32,776 - INFO - Data received.
2023-06-09 11:49:33,103 - INFO - Data received.
2023-06-09 11:49:33,103 - INFO - Data received.
2023-06-09 11:49:34,399 - INFO - Data received.
2023-06-09 11:49:34,399 - INFO - Data received.
2023-06-09 11:49:35,724 - INFO - Data received.
2023-06-09 11:49:35,725 - INFO - Data received.
2023-06-09 11:49:36,401 - INFO - Data received.
2023-06-09 11:49:36,401 - INFO - Data received.
2023-06-09 11:49:38,431 - INFO - Data received.
2023-06-09 11:49:38,431 - INFO - Data received.
2023-06-09 11:49:41,135 - INFO - Data received.
2023-06-09 11:49:41,135 - INFO - Data received.
2023-06-09 11:49:43,391 - INFO - Data received.
2023-06-09 11:49:43,391 - INFO - Data received.
2023-06-09 11:49:45,701 - INFO - Data received.
2023-06-09 11:49:45,701 - INFO - Data received.
2023-06-09 11:49:56,861 - INFO - Data received.
2023-06-09 11:49:56,861 - INFO - Data received.
2023-06-09 11:49:59,702 - INFO - Data received.
2023-06-09 11:49:59,702 - INFO - Data received.
2023-06-09 11:50:00,391 - INFO - Data received.
2023-06-09 11:50:00,391 - INFO - Data received.
2023-06-09 11:50:00,392 - INFO - Data received.
2023-06-09 11:50:00,392 - INFO - Data received.
2023-06-09 11:50:02,699 - INFO - Data received.
2023-06-09 11:50:02,699 - INFO - Data received.
2023-06-09 11:50:02,701 - INFO - Data received.
2023-06-09 11:50:02,701 - INFO - Data received.
2023-06-09 11:50:21,486 - INFO - Data received.
2023-06-09 11:50:21,486 - INFO - Data received.
2023-06-09 11:50:24,574 - INFO - Data received.
2023-06-09 11:50:24,574 - INFO - Data received.
2023-06-09 11:50:27,703 - INFO - Data received.
2023-06-09 11:50:27,703 - INFO - Data received.
2023-06-09 11:50:38,398 - INFO - Data received.
2023-06-09 11:50:38,398 - INFO - Data received.
2023-06-09 11:50:38,870 - INFO - Data received.
2023-06-09 11:50:38,870 - INFO - Data received.
2023-06-09 11:50:40,485 - INFO - Data received.
2023-06-09 11:50:40,485 - INFO - Data received.
2023-06-09 11:50:41,708 - INFO - Data received.
2023-06-09 11:50:41,708 - INFO - Data received.
2023-06-09 11:50:42,409 - INFO - Data received.
2023-06-09 11:50:42,409 - INFO - Data received.
2023-06-09 11:50:43,968 - INFO - Data received.
2023-06-09 11:50:43,968 - INFO - Data received.
2023-06-09 11:50:44,478 - INFO - Data received.
2023-06-09 11:50:44,478 - INFO - Data received.
2023-06-09 11:50:46,703 - INFO - Data received.
2023-06-09 11:50:46,703 - INFO - Data received.
2023-06-09 11:50:47,395 - INFO - Data received.
2023-06-09 11:50:47,395 - INFO - Data received.
2023-06-09 11:50:49,804 - INFO - Data received.
2023-06-09 11:50:49,805 - INFO - Data received.
2023-06-09 11:50:50,725 - INFO - Data received.
2023-06-09 11:50:50,725 - INFO - Data received.
2023-06-09 11:50:53,689 - INFO - Data received.
2023-06-09 11:50:53,689 - INFO - Data received.
2023-06-09 11:50:53,705 - INFO - Data received.
2023-06-09 11:50:53,705 - INFO - Data received.
2023-06-09 11:51:00,062 - INFO - Data received.
2023-06-09 11:51:00,076 - INFO - Data received.
2023-06-09 11:51:00,062 - INFO - Data received.
2023-06-09 11:51:00,079 - INFO - Data received.
2023-06-09 11:51:02,815 - INFO - Data received.
2023-06-09 11:51:02,816 - INFO - Data received.
2023-06-09 11:51:02,816 - INFO - Data received.
2023-06-09 11:51:02,816 - INFO - Data received.
2023-06-09 11:51:06,088 - INFO - Data received.
2023-06-09 11:51:06,088 - INFO - Data received.
2023-06-09 11:51:22,273 - INFO - Data received.
2023-06-09 11:51:22,274 - INFO - Data received.
2023-06-09 11:51:24,109 - INFO - Data received.
2023-06-09 11:51:24,109 - INFO - Data received.
2023-06-09 11:51:24,416 - INFO - Data received.
2023-06-09 11:51:24,416 - INFO - Data received.
2023-06-09 11:51:26,773 - INFO - Data received.
2023-06-09 11:51:26,773 - INFO - Data received.
2023-06-09 11:51:26,773 - INFO - Data received.
2023-06-09 11:51:26,774 - INFO - Data received.
2023-06-09 11:51:33,683 - INFO - Data received.
2023-06-09 11:51:33,683 - INFO - Data received.
2023-06-09 11:51:35,782 - INFO - Data received.
2023-06-09 11:51:35,782 - INFO - Data received.
2023-06-09 11:51:38,429 - INFO - Data received.
2023-06-09 11:51:38,429 - INFO - Data received.
2023-06-09 11:51:40,799 - INFO - Data received.
2023-06-09 11:51:40,799 - INFO - Data received.
2023-06-09 11:51:43,418 - INFO - Data received.
2023-06-09 11:51:43,418 - INFO - Data received.
2023-06-09 11:51:50,941 - INFO - Data received.
2023-06-09 11:51:50,941 - INFO - Data received.
2023-06-09 11:51:56,365 - INFO - Data received.
2023-06-09 11:51:56,365 - INFO - Data received.
2023-06-09 11:51:58,517 - INFO - Data received.
2023-06-09 11:51:58,517 - INFO - Data received.
2023-06-09 11:51:59,913 - INFO - Data received.
2023-06-09 11:51:59,913 - INFO - Data received.
2023-06-09 11:52:00,065 - INFO - Data received.
2023-06-09 11:52:00,065 - INFO - Data received.
2023-06-09 11:52:00,067 - INFO - Data received.
2023-06-09 11:52:00,067 - INFO - Data received.
2023-06-09 11:52:02,406 - INFO - Data received.
2023-06-09 11:52:02,406 - INFO - Data received.
2023-06-09 11:52:02,817 - INFO - Data received.
2023-06-09 11:52:02,817 - INFO - Data received.
2023-06-09 11:52:04,763 - INFO - Data received.
2023-06-09 11:52:04,763 - INFO - Data received.
2023-06-09 11:52:06,902 - INFO - Data received.
2023-06-09 11:52:06,921 - INFO - Data received.
2023-06-09 11:52:06,976 - INFO - Data received.
2023-06-09 11:52:06,976 - INFO - Data received.
2023-06-09 11:52:09,127 - INFO - Data received.
2023-06-09 11:52:09,127 - INFO - Data received.
2023-06-09 11:52:09,782 - INFO - Data received.
2023-06-09 11:52:09,782 - INFO - Data received.
2023-06-09 11:52:11,624 - INFO - Data received.
2023-06-09 11:52:11,624 - INFO - Data received.
2023-06-09 11:52:13,774 - INFO - Data received.
2023-06-09 11:52:13,774 - INFO - Data received.
2023-06-09 11:52:16,026 - INFO - Data received.
2023-06-09 11:52:16,026 - INFO - Data received.
2023-06-09 11:52:17,994 - INFO - Data received.
2023-06-09 11:52:18,016 - INFO - Data received.
2023-06-09 11:52:18,032 - INFO - Data received.
2023-06-09 11:52:18,032 - INFO - Data received.
2023-06-09 11:52:20,224 - INFO - Data received.
2023-06-09 11:52:20,224 - INFO - Data received.
2023-06-09 11:52:20,737 - INFO - Data received.
2023-06-09 11:52:20,737 - INFO - Data received.
2023-06-09 11:52:22,785 - INFO - Data received.
2023-06-09 11:52:22,785 - INFO - Data received.
2023-06-09 11:52:25,344 - INFO - Data received.
2023-06-09 11:52:25,344 - INFO - Data received.
2023-06-09 11:52:27,598 - INFO - Data received.
2023-06-09 11:52:27,598 - INFO - Data received.
2023-06-09 11:52:29,646 - INFO - Data received.
2023-06-09 11:52:29,646 - INFO - Data received.
2023-06-09 11:52:32,614 - INFO - Data received.
2023-06-09 11:52:32,614 - INFO - Data received.
2023-06-09 11:52:34,663 - INFO - Data received.
2023-06-09 11:52:34,663 - INFO - Data received.
2023-06-09 11:52:37,714 - INFO - Data received.
2023-06-09 11:52:37,714 - INFO - Data received.
2023-06-09 11:52:40,093 - INFO - Data received.
2023-06-09 11:52:40,093 - INFO - Data received.
2023-06-09 11:52:42,209 - INFO - Data received.
2023-06-09 11:52:42,209 - INFO - Data received.
2023-06-09 11:52:45,620 - INFO - Data received.
2023-06-09 11:52:45,620 - INFO - Data received.
2023-06-09 11:52:47,845 - INFO - Data received.
2023-06-09 11:52:47,845 - INFO - Data received.
2023-06-09 11:52:49,916 - INFO - Data received.
2023-06-09 11:52:49,916 - INFO - Data received.
2023-06-09 11:52:52,229 - INFO - Data received.
2023-06-09 11:52:52,251 - INFO - Data received.
2023-06-09 11:52:54,434 - INFO - Data received.
2023-06-09 11:52:54,434 - INFO - Data received.
2023-06-09 11:52:56,519 - INFO - Data received.
2023-06-09 11:52:56,519 - INFO - Data received.
2023-06-09 11:52:58,729 - INFO - Data received.
2023-06-09 11:52:58,729 - INFO - Data received.
2023-06-09 11:53:00,265 - INFO - Data received.
2023-06-09 11:53:00,265 - INFO - Data received.
2023-06-09 11:53:00,265 - INFO - Data received.
2023-06-09 11:53:00,265 - INFO - Data received.
2023-06-09 11:53:02,722 - INFO - Data received.
2023-06-09 11:53:02,722 - INFO - Data received.
2023-06-09 11:53:02,722 - INFO - Data received.
2023-06-09 11:53:02,723 - INFO - Data received.
2023-06-09 11:53:05,896 - INFO - Data received.
2023-06-09 11:53:05,896 - INFO - Data received.
2023-06-09 11:53:07,923 - INFO - Data received.
2023-06-09 11:53:07,923 - INFO - Data received.
2023-06-09 11:53:10,709 - INFO - Data received.
2023-06-09 11:53:10,709 - INFO - Data received.
2023-06-09 11:53:12,028 - INFO - Data received.
2023-06-09 11:53:12,029 - INFO - Data received.
2023-06-09 11:53:13,473 - INFO - Data received.
2023-06-09 11:53:13,473 - INFO - Data received.
2023-06-09 11:53:15,830 - INFO - Data received.
2023-06-09 11:53:15,830 - INFO - Data received.
2023-06-09 11:53:15,831 - INFO - Data received.
2023-06-09 11:53:15,832 - INFO - Data received.
2023-06-09 11:53:18,531 - INFO - Data received.
2023-06-09 11:53:18,532 - INFO - Data received.
2023-06-09 11:53:19,493 - INFO - Data received.
2023-06-09 11:53:19,493 - INFO - Data received.
2023-06-09 11:53:21,768 - INFO - Data received.
2023-06-09 11:53:21,768 - INFO - Data received.
2023-06-09 11:53:24,023 - INFO - Data received.
2023-06-09 11:53:24,023 - INFO - Data received.
2023-06-09 11:53:26,480 - INFO - Data received.
2023-06-09 11:53:26,482 - INFO - Data received.
2023-06-09 11:53:29,009 - INFO - Data received.
2023-06-09 11:53:29,009 - INFO - Data received.
2023-06-09 11:53:31,804 - INFO - Data received.
2023-06-09 11:53:31,804 - INFO - Data received.
2023-06-09 11:53:33,161 - INFO - Data received.
2023-06-09 11:53:33,161 - INFO - Data received.
2023-06-09 11:53:34,262 - INFO - Data received.
2023-06-09 11:53:34,262 - INFO - Data received.
2023-06-09 11:53:35,797 - INFO - Data received.
2023-06-09 11:53:35,797 - INFO - Data received.
2023-06-09 11:53:36,514 - INFO - Data received.
2023-06-09 11:53:36,514 - INFO - Data received.
2023-06-09 11:53:38,461 - INFO - Data received.
2023-06-09 11:53:38,461 - INFO - Data received.
2023-06-09 11:53:38,718 - INFO - Data received.
2023-06-09 11:53:38,718 - INFO - Data received.
2023-06-09 11:53:40,811 - INFO - Data received.
2023-06-09 11:53:40,811 - INFO - Data received.
2023-06-09 11:53:43,178 - INFO - Data received.
2023-06-09 11:53:43,178 - INFO - Data received.
2023-06-09 11:53:43,371 - INFO - Data received.
2023-06-09 11:53:43,371 - INFO - Data received.
2023-06-09 11:53:45,406 - INFO - Data received.
2023-06-09 11:53:45,406 - INFO - Data received.
2023-06-09 11:53:45,718 - INFO - Data received.
2023-06-09 11:53:45,718 - INFO - Data received.
2023-06-09 11:53:47,722 - INFO - Data received.
2023-06-09 11:53:47,723 - INFO - Data received.
2023-06-09 11:53:48,802 - INFO - Data received.
2023-06-09 11:53:48,802 - INFO - Data received.
2023-06-09 11:53:52,693 - INFO - Data received.
2023-06-09 11:53:52,693 - INFO - Data received.
2023-06-09 11:53:54,946 - INFO - Data received.
2023-06-09 11:53:54,946 - INFO - Data received.
2023-06-09 11:53:58,734 - INFO - Data received.
2023-06-09 11:53:58,734 - INFO - Data received.
2023-06-09 11:54:00,170 - INFO - Data received.
2023-06-09 11:54:00,170 - INFO - Data received.
2023-06-09 11:54:00,171 - INFO - Data received.
2023-06-09 11:54:00,171 - INFO - Data received.
2023-06-09 11:54:02,830 - INFO - Data received.
2023-06-09 11:54:02,830 - INFO - Data received.
2023-06-09 11:54:02,830 - INFO - Data received.
2023-06-09 11:54:02,830 - INFO - Data received.
2023-06-09 11:54:05,496 - INFO - Data received.
2023-06-09 11:54:05,496 - INFO - Data received.
2023-06-09 11:54:05,496 - INFO - Data received.
2023-06-09 11:54:05,496 - INFO - Data received.
2023-06-09 11:54:07,747 - INFO - Data received.
2023-06-09 11:54:07,747 - INFO - Data received.
2023-06-09 11:54:07,747 - INFO - Data received.
2023-06-09 11:54:07,747 - INFO - Data received.
2023-06-09 11:54:10,512 - INFO - Data received.
2023-06-09 11:54:10,512 - INFO - Data received.
2023-06-09 11:54:12,407 - INFO - Data received.
2023-06-09 11:54:12,407 - INFO - Data received.
2023-06-09 11:54:14,608 - INFO - Data received.
2023-06-09 11:54:14,608 - INFO - Data received.
2023-06-09 11:54:14,847 - INFO - Data received.
2023-06-09 11:54:14,847 - INFO - Data received.
2023-06-09 11:54:16,758 - INFO - Data received.
2023-06-09 11:54:16,758 - INFO - Data received.
2023-06-09 11:54:17,271 - INFO - Data received.
2023-06-09 11:54:17,271 - INFO - Data received.
2023-06-09 11:54:20,854 - INFO - Data received.
2023-06-09 11:54:20,854 - INFO - Data received.
2023-06-09 11:54:21,472 - INFO - Data received.
2023-06-09 11:54:21,472 - INFO - Data received.
2023-06-09 11:54:23,418 - INFO - Data received.
2023-06-09 11:54:23,418 - INFO - Data received.
2023-06-09 11:54:25,462 - INFO - Data received.
2023-06-09 11:54:25,462 - INFO - Data received.
2023-06-09 11:54:25,871 - INFO - Data received.
2023-06-09 11:54:25,871 - INFO - Data received.
2023-06-09 11:54:27,921 - INFO - Data received.
2023-06-09 11:54:27,921 - INFO - Data received.
2023-06-09 11:54:30,992 - INFO - Data received.
2023-06-09 11:54:30,994 - INFO - Data received.
2023-06-09 11:54:31,197 - INFO - Data received.
2023-06-09 11:54:31,197 - INFO - Data received.
2023-06-09 11:54:33,722 - INFO - Data received.
2023-06-09 11:54:33,722 - INFO - Data received.
2023-06-09 11:54:35,408 - INFO - Data received.
2023-06-09 11:54:35,409 - INFO - Data received.
2023-06-09 11:54:37,408 - INFO - Data received.
2023-06-09 11:54:37,408 - INFO - Data received.
2023-06-09 11:54:40,411 - INFO - Data received.
2023-06-09 11:54:40,411 - INFO - Data received.
2023-06-09 11:54:42,768 - INFO - Data received.
2023-06-09 11:54:42,768 - INFO - Data received.
2023-06-09 11:54:44,818 - INFO - Data received.
2023-06-09 11:54:44,818 - INFO - Data received.
2023-06-09 11:54:45,738 - INFO - Data received.
2023-06-09 11:54:45,738 - INFO - Data received.
2023-06-09 11:54:47,787 - INFO - Data received.
2023-06-09 11:54:47,787 - INFO - Data received.
2023-06-09 11:54:48,410 - INFO - Data received.
2023-06-09 11:54:48,410 - INFO - Data received.
2023-06-09 11:54:50,755 - INFO - Data received.
2023-06-09 11:54:50,755 - INFO - Data received.
2023-06-09 11:54:54,750 - INFO - Data received.
2023-06-09 11:54:54,750 - INFO - Data received.
2023-06-09 11:54:57,822 - INFO - Data received.
2023-06-09 11:54:57,822 - INFO - Data received.
2023-06-09 11:55:00,155 - INFO - Data received.
2023-06-09 11:55:00,155 - INFO - Data received.
2023-06-09 11:55:00,155 - INFO - Data received.
2023-06-09 11:55:00,155 - INFO - Data received.
2023-06-09 11:55:02,723 - INFO - Data received.
2023-06-09 11:55:02,723 - INFO - Data received.
2023-06-09 11:55:02,726 - INFO - Data received.
2023-06-09 11:55:02,726 - INFO - Data received.
2023-06-09 11:55:05,296 - INFO - Data received.
2023-06-09 11:55:05,296 - INFO - Data received.
2023-06-09 11:55:08,266 - INFO - Data received.
2023-06-09 11:55:08,266 - INFO - Data received.
2023-06-09 11:55:11,726 - INFO - Data received.
2023-06-09 11:55:11,726 - INFO - Data received.
2023-06-09 11:55:14,726 - INFO - Data received.
2023-06-09 11:55:14,726 - INFO - Data received.
2023-06-09 11:55:17,380 - INFO - Data received.
2023-06-09 11:55:17,380 - INFO - Data received.
2023-06-09 11:55:21,727 - INFO - Data received.
2023-06-09 11:55:21,727 - INFO - Data received.
2023-06-09 11:55:24,547 - INFO - Data received.
2023-06-09 11:55:24,548 - INFO - Data received.
2023-06-09 11:55:26,181 - INFO - Data received.
2023-06-09 11:55:26,194 - INFO - Data received.
2023-06-09 11:55:26,802 - INFO - Data received.
2023-06-09 11:55:26,802 - INFO - Data received.
2023-06-09 11:55:28,749 - INFO - Data received.
2023-06-09 11:55:28,749 - INFO - Data received.
2023-06-09 11:55:31,822 - INFO - Data received.
2023-06-09 11:55:31,822 - INFO - Data received.
2023-06-09 11:55:34,789 - INFO - Data received.
2023-06-09 11:55:34,789 - INFO - Data received.
2023-06-09 11:56:00,186 - INFO - Data received.
2023-06-09 11:56:00,186 - INFO - Data received.
2023-06-09 11:56:00,188 - INFO - Data received.
2023-06-09 11:56:00,188 - INFO - Data received.
2023-06-09 11:56:02,732 - INFO - Data received.
2023-06-09 11:56:02,732 - INFO - Data received.
2023-06-09 11:56:02,732 - INFO - Data received.
2023-06-09 11:56:02,732 - INFO - Data received.
2023-06-09 11:56:08,683 - INFO - Data received.
2023-06-09 11:56:08,683 - INFO - Data received.
2023-06-09 11:56:14,930 - INFO - Data received.
2023-06-09 11:56:14,930 - INFO - Data received.
2023-06-09 11:56:16,568 - INFO - Data received.
2023-06-09 11:56:16,568 - INFO - Data received.
2023-06-09 11:56:17,387 - INFO - Data received.
2023-06-09 11:56:17,391 - INFO - Data received.
2023-06-09 11:56:18,585 - INFO - Data received.
2023-06-09 11:56:18,585 - INFO - Data received.
2023-06-09 11:56:19,729 - INFO - Data received.
2023-06-09 11:56:19,729 - INFO - Data received.
2023-06-09 11:56:20,731 - INFO - Data received.
2023-06-09 11:56:20,731 - INFO - Data received.
2023-06-09 11:56:22,815 - INFO - Data received.
2023-06-09 11:56:22,815 - INFO - Data received.
2023-06-09 11:56:23,226 - INFO - Data received.
2023-06-09 11:56:23,226 - INFO - Data received.
2023-06-09 11:56:24,731 - INFO - Data received.
2023-06-09 11:56:24,731 - INFO - Data received.
2023-06-09 11:56:25,340 - INFO - Data received.
2023-06-09 11:56:25,340 - INFO - Data received.
2023-06-09 11:56:27,018 - INFO - Data received.
2023-06-09 11:56:27,018 - INFO - Data received.
2023-06-09 11:56:27,731 - INFO - Data received.
2023-06-09 11:56:27,731 - INFO - Data received.
2023-06-09 11:56:28,951 - INFO - Data received.
2023-06-09 11:56:28,951 - INFO - Data received.
2023-06-09 11:56:31,109 - INFO - Data received.
2023-06-09 11:56:31,109 - INFO - Data received.
2023-06-09 11:56:31,170 - INFO - Data received.
2023-06-09 11:56:31,171 - INFO - Data received.
2023-06-09 11:56:33,466 - INFO - Data received.
2023-06-09 11:56:33,466 - INFO - Data received.
2023-06-09 11:56:33,466 - INFO - Data received.
2023-06-09 11:56:33,466 - INFO - Data received.
2023-06-09 11:56:35,512 - INFO - Data received.
2023-06-09 11:56:35,512 - INFO - Data received.
2023-06-09 11:56:36,536 - INFO - Data received.
2023-06-09 11:56:36,536 - INFO - Data received.
2023-06-09 11:56:37,562 - INFO - Data received.
2023-06-09 11:56:37,562 - INFO - Data received.
2023-06-09 11:56:39,598 - INFO - Data received.
2023-06-09 11:56:39,598 - INFO - Data received.
2023-06-09 11:56:41,660 - INFO - Data received.
2023-06-09 11:56:41,660 - INFO - Data received.
2023-06-09 11:56:43,811 - INFO - Data received.
2023-06-09 11:56:43,811 - INFO - Data received.
2023-06-09 11:56:45,859 - INFO - Data received.
2023-06-09 11:56:45,859 - INFO - Data received.
2023-06-09 11:56:46,162 - INFO - Data received.
2023-06-09 11:56:46,162 - INFO - Data received.
2023-06-09 11:56:47,907 - INFO - Data received.
2023-06-09 11:56:47,907 - INFO - Data received.
2023-06-09 11:56:48,733 - INFO - Data received.
2023-06-09 11:56:48,733 - INFO - Data received.
2023-06-09 11:56:49,955 - INFO - Data received.
2023-06-09 11:56:49,955 - INFO - Data received.
2023-06-09 11:56:52,409 - INFO - Data received.
2023-06-09 11:56:52,409 - INFO - Data received.
2023-06-09 11:56:54,733 - INFO - Data received.
2023-06-09 11:56:54,733 - INFO - Data received.
2023-06-09 11:56:56,612 - INFO - Data received.
2023-06-09 11:56:56,612 - INFO - Data received.
2023-06-09 11:56:57,017 - INFO - Data received.
2023-06-09 11:56:57,017 - INFO - Data received.
2023-06-09 11:56:58,734 - INFO - Data received.
2023-06-09 11:56:58,734 - INFO - Data received.
2023-06-09 11:56:59,070 - INFO - Data received.
2023-06-09 11:56:59,071 - INFO - Data received.
2023-06-09 11:57:00,198 - INFO - Data received.
2023-06-09 11:57:00,198 - INFO - Data received.
2023-06-09 11:57:00,198 - INFO - Data received.
2023-06-09 11:57:00,198 - INFO - Data received.
2023-06-09 11:57:02,196 - INFO - Data received.
2023-06-09 11:57:02,196 - INFO - Data received.
2023-06-09 11:57:02,751 - INFO - Data received.
2023-06-09 11:57:02,751 - INFO - Data received.
2023-06-09 11:57:04,492 - INFO - Data received.
2023-06-09 11:57:04,492 - INFO - Data received.
2023-06-09 11:57:06,748 - INFO - Data received.
2023-06-09 11:57:06,748 - INFO - Data received.
2023-06-09 11:57:08,922 - INFO - Data received.
2023-06-09 11:57:08,922 - INFO - Data received.
2023-06-09 11:57:09,020 - INFO - Data received.
2023-06-09 11:57:09,020 - INFO - Data received.
2023-06-09 11:57:11,253 - INFO - Data received.
2023-06-09 11:57:11,253 - INFO - Data received.
2023-06-09 11:57:11,253 - INFO - Data received.
2023-06-09 11:57:11,254 - INFO - Data received.
2023-06-09 11:57:13,507 - INFO - Data received.
2023-06-09 11:57:13,507 - INFO - Data received.
2023-06-09 11:57:16,473 - INFO - Data received.
2023-06-09 11:57:16,473 - INFO - Data received.
2023-06-09 11:57:18,494 - INFO - Data received.
2023-06-09 11:57:18,494 - INFO - Data received.
2023-06-09 11:57:20,674 - INFO - Data received.
2023-06-09 11:57:20,674 - INFO - Data received.
2023-06-09 11:57:23,130 - INFO - Data received.
2023-06-09 11:57:23,130 - INFO - Data received.
2023-06-09 11:57:25,486 - INFO - Data received.
2023-06-09 11:57:25,486 - INFO - Data received.
2023-06-09 11:57:25,742 - INFO - Data received.
2023-06-09 11:57:25,749 - INFO - Data received.
2023-06-09 11:57:27,844 - INFO - Data received.
2023-06-09 11:57:27,844 - INFO - Data received.
2023-06-09 11:57:27,844 - INFO - Data received.
2023-06-09 11:57:27,845 - INFO - Data received.
2023-06-09 11:57:30,504 - INFO - Data received.
2023-06-09 11:57:30,504 - INFO - Data received.
2023-06-09 11:57:30,767 - INFO - Data received.
2023-06-09 11:57:30,767 - INFO - Data received.
2023-06-09 11:57:32,755 - INFO - Data received.
2023-06-09 11:57:32,755 - INFO - Data received.
2023-06-09 11:57:34,803 - INFO - Data received.
2023-06-09 11:57:34,803 - INFO - Data received.
2023-06-09 11:57:36,954 - INFO - Data received.
2023-06-09 11:57:36,959 - INFO - Data received.
2023-06-09 11:57:39,736 - INFO - Data received.
2023-06-09 11:57:39,736 - INFO - Data received.
2023-06-09 11:57:40,415 - INFO - Data received.
2023-06-09 11:57:40,415 - INFO - Data received.
2023-06-09 11:57:42,420 - INFO - Data received.
2023-06-09 11:57:42,420 - INFO - Data received.
2023-06-09 11:57:42,599 - INFO - Data received.
2023-06-09 11:57:42,599 - INFO - Data received.
2023-06-09 11:57:44,533 - INFO - Data received.
2023-06-09 11:57:44,533 - INFO - Data received.
2023-06-09 11:57:44,942 - INFO - Data received.
2023-06-09 11:57:44,942 - INFO - Data received.
2023-06-09 11:57:46,785 - INFO - Data received.
2023-06-09 11:57:46,785 - INFO - Data received.
2023-06-09 11:57:47,807 - INFO - Data received.
2023-06-09 11:57:47,807 - INFO - Data received.
2023-06-09 11:57:49,448 - INFO - Data received.
2023-06-09 11:57:49,448 - INFO - Data received.
2023-06-09 11:57:49,763 - INFO - Data received.
2023-06-09 11:57:49,763 - INFO - Data received.
2023-06-09 11:57:51,495 - INFO - Data received.
2023-06-09 11:57:51,495 - INFO - Data received.
2023-06-09 11:57:52,622 - INFO - Data received.
2023-06-09 11:57:52,622 - INFO - Data received.
2023-06-09 11:57:53,544 - INFO - Data received.
2023-06-09 11:57:53,544 - INFO - Data received.
2023-06-09 11:57:54,834 - INFO - Data received.
2023-06-09 11:57:54,834 - INFO - Data received.
2023-06-09 11:57:55,981 - INFO - Data received.
2023-06-09 11:57:55,981 - INFO - Data received.
2023-06-09 11:57:57,434 - INFO - Data received.
2023-06-09 11:57:57,434 - INFO - Data received.
2023-06-09 11:57:59,995 - INFO - Data received.
2023-06-09 11:57:59,995 - INFO - Data received.
2023-06-09 11:58:00,304 - INFO - Data received.
2023-06-09 11:58:00,304 - INFO - Data received.
2023-06-09 11:58:00,304 - INFO - Data received.
2023-06-09 11:58:00,304 - INFO - Data received.
2023-06-09 11:58:02,613 - INFO - Data received.
2023-06-09 11:58:02,613 - INFO - Data received.
2023-06-09 11:58:02,707 - INFO - Data received.
2023-06-09 11:58:02,707 - INFO - Data received.
2023-06-09 11:58:05,832 - INFO - Data received.
2023-06-09 11:58:05,832 - INFO - Data received.
2023-06-09 11:58:06,755 - INFO - Data received.
2023-06-09 11:58:06,755 - INFO - Data received.
2023-06-09 11:58:08,737 - INFO - Data received.
2023-06-09 11:58:08,737 - INFO - Data received.
2023-06-09 11:58:11,458 - INFO - Data received.
2023-06-09 11:58:11,458 - INFO - Data received.
2023-06-09 11:58:14,524 - INFO - Data received.
2023-06-09 11:58:14,524 - INFO - Data received.
2023-06-09 11:58:17,795 - INFO - Data received.
2023-06-09 11:58:17,795 - INFO - Data received.
2023-06-09 11:58:21,373 - INFO - Data received.
2023-06-09 11:58:21,373 - INFO - Data received.
2023-06-09 11:58:22,415 - INFO - Data received.
2023-06-09 11:58:22,415 - INFO - Data received.
2023-06-09 12:23:24,870 - INFO - WebSocket connection closed
2023-06-09 12:23:24,871 - INFO - WebSocket connection closed
2023-06-09 12:23:24,895 - INFO - WebSocket connection closed
2023-06-09 12:23:24,898 - INFO - WebSocket connection closed
2023-06-09 16:51:59,993 - INFO - WebSocket connection for wss://testnet.binance.vision/ws/ethusdt@kline_1m opened
2023-06-09 16:52:00,004 - INFO - WebSocket connection for wss://testnet.binance.vision/ws/btcusdt@kline_1m opened
2023-06-09 16:52:00,419 - INFO - Data received.
2023-06-09 16:52:00,420 - INFO - Data received.
2023-06-09 16:52:02,590 - INFO - WebSocket connection for wss://testnet.binance.vision/ws/btcusdt@kline_1m opened
2023-06-09 16:52:02,664 - INFO - WebSocket connection for wss://testnet.binance.vision/ws/ethusdt@kline_1m opened
2023-06-09 16:52:02,979 - INFO - Data received.
2023-06-09 16:52:02,979 - INFO - Data received.
2023-06-09 16:52:02,979 - INFO - Data received.
2023-06-09 16:52:02,981 - INFO - Data received.
2023-06-09 16:52:19,036 - INFO - Data received.
2023-06-09 16:52:19,038 - INFO - Data received.
2023-06-09 16:52:21,982 - INFO - Data received.
2023-06-09 16:52:21,982 - INFO - Data received.
2023-06-09 16:52:25,077 - INFO - Data received.
2023-06-09 16:52:25,077 - INFO - Data received.
2023-06-09 16:52:27,652 - INFO - Data received.
2023-06-09 16:52:27,652 - INFO - Data received.
